<?xml version="1.0" encoding="UTF-8"?>
<!-- Generated by org.testng.reporters.JUnitReportReporter -->
<testsuite skipped="0" hostname="mohammedathera" name="Test_Scripts.Startserver" tests="1" failures="0" timestamp="29 May 2020 19:54:41 GMT" time="1.055" errors="0">
  <testcase name="startAppiumServer" time="1.055" classname="Test_Scripts.Startserver"/>
</testsuite> <!-- Test_Scripts.Startserver -->
