<?xml version="1.0" encoding="UTF-8"?>
<!-- Generated by org.testng.reporters.JUnitReportReporter -->
<testsuite skipped="0" hostname="mohammedathera" name="Test_Scripts.Calculator_testcase" tests="1" failures="0" timestamp="03 Jun 2020 18:31:23 GMT" time="11.680" errors="0">
  <testcase name="sum" time="11.680" classname="Test_Scripts.Calculator_testcase"/>
</testsuite> <!-- Test_Scripts.Calculator_testcase -->
