<?xml version="1.0" encoding="UTF-8"?>
<!-- Generated by org.testng.reporters.JUnitReportReporter -->
<testsuite skipped="0" hostname="mohammedathera" name="Test_Scripts.Calculator_testcase" tests="1" failures="0" timestamp="30 May 2020 16:36:43 GMT" time="13.029" errors="0">
  <testcase name="sum" time="13.029" classname="Test_Scripts.Calculator_testcase"/>
</testsuite> <!-- Test_Scripts.Calculator_testcase -->
