<?xml version="1.0" encoding="UTF-8"?>
<!-- Generated by org.testng.reporters.JUnitReportReporter -->
<testsuite skipped="0" hostname="mohammedathera" name="Test_Scripts.Startserver" tests="1" failures="0" timestamp="09 Jun 2020 12:55:32 GMT" time="1.165" errors="0">
  <testcase name="startAppiumServer" time="1.165" classname="Test_Scripts.Startserver"/>
</testsuite> <!-- Test_Scripts.Startserver -->
