<?xml version="1.0" encoding="UTF-8"?>
<!-- Generated by org.testng.reporters.JUnitReportReporter -->
<testsuite skipped="0" hostname="mohammedathera" name="com.qa.tests.LoginTests" tests="3" failures="0" timestamp="29 May 2020 19:52:21 GMT" time="13.015" errors="0">
  <testcase name="invalidUserName" time="4.046" classname="com.qa.tests.LoginTests"/>
  <testcase name="invalidPassword" time="5.488" classname="com.qa.tests.LoginTests"/>
  <testcase name="successfullLogin" time="3.481" classname="com.qa.tests.LoginTests"/>
</testsuite> <!-- com.qa.tests.LoginTests -->
