<?xml version="1.0" encoding="UTF-8"?>
<!-- Generated by org.testng.reporters.JUnitReportReporter -->
<testsuite skipped="0" hostname="mohammedathera" name="com.qa.StartServer" tests="1" failures="0" timestamp="28 May 2020 22:56:48 GMT" time="3.232" errors="0">
  <testcase name="start" time="3.232" classname="com.qa.StartServer"/>
</testsuite> <!-- com.qa.StartServer -->
