<?xml version="1.0" encoding="UTF-8"?>
<!-- Generated by org.testng.reporters.JUnitReportReporter -->
<testsuite skipped="0" hostname="mohammedathera" name="com.qa.runners.MyPixelTestNGRunnerTest" tests="3" failures="0" timestamp="2020-06-22T01:39:44 IST" time="15.278" errors="0">
  <testcase name="scenario" time="5.100" classname="com.qa.runners.MyPixelTestNGRunnerTest"/>
  <system-out/>
  <testcase name="scenario" time="5.541" classname="com.qa.runners.MyPixelTestNGRunnerTest"/>
  <system-out/>
  <testcase name="scenario" time="4.637" classname="com.qa.runners.MyPixelTestNGRunnerTest"/>
  <system-out/>
</testsuite> <!-- com.qa.runners.MyPixelTestNGRunnerTest -->
