<?xml version="1.0" encoding="UTF-8"?>
<!-- Generated by org.testng.reporters.JUnitReportReporter -->
<testsuite skipped="0" hostname="mohammedathera" name="com.qa.tests.FreeCrmTest" tests="1" failures="0" timestamp="13 Jun 2020 12:03:10 GMT" time="27.745" errors="0">
  <testcase name="freeCrmTitleTest" time="27.745" classname="com.qa.tests.FreeCrmTest"/>
</testsuite> <!-- com.qa.tests.FreeCrmTest -->
