<?xml version="1.0" encoding="UTF-8"?>
<!-- Generated by org.testng.reporters.JUnitReportReporter -->
<testsuite skipped="0" hostname="mohammedathera" name="appium_pack.Example_TestNG" tests="3" failures="0" timestamp="16 May 2020 15:31:12 GMT" time="0.018" errors="0">
  <testcase name="def" time="0.002" classname="appium_pack.Example_TestNG"/>
  <testcase name="ghi" time="0.001" classname="appium_pack.Example_TestNG"/>
  <testcase name="abc" time="0.015" classname="appium_pack.Example_TestNG"/>
</testsuite> <!-- appium_pack.Example_TestNG -->
