<?xml version="1.0" encoding="UTF-8"?>
<!-- Generated by org.testng.reporters.JUnitReportReporter -->
<testsuite skipped="0" hostname="mohammedathera" name="appium_pack.FirstSeleniumScript" tests="1" failures="0" timestamp="13 Jun 2020 09:13:26 GMT" time="18.222" errors="0">
  <testcase name="kutta" time="18.222" classname="appium_pack.FirstSeleniumScript"/>
</testsuite> <!-- appium_pack.FirstSeleniumScript -->
