<?xml version="1.0" encoding="UTF-8"?>
<!-- Generated by org.testng.reporters.JUnitReportReporter -->
<testsuite skipped="0" hostname="mohammedathera" name="appium_pack.Whatsapp_Testng" tests="1" failures="0" timestamp="17 May 2020 23:26:00 GMT" time="27.299" errors="0">
  <testcase name="testCase" time="27.299" classname="appium_pack.Whatsapp_Testng"/>
</testsuite> <!-- appium_pack.Whatsapp_Testng -->
