<?xml version="1.0" encoding="UTF-8"?>
<!-- Generated by org.testng.reporters.JUnitReportReporter -->
<testsuite skipped="0" hostname="mohammedathera" name="appium_pack.BasicTest" tests="1" failures="0" timestamp="10 May 2020 12:43:29 GMT" time="0.015" errors="0">
  <testcase name="gmailLogin" time="0.015" classname="appium_pack.BasicTest"/>
</testsuite> <!-- appium_pack.BasicTest -->
