<?xml version="1.0" encoding="UTF-8"?>
<!-- Generated by org.testng.reporters.JUnitReportReporter -->
<testsuite skipped="0" hostname="mohammedathera" name="appium_pack.BasicTestNG_Example" tests="1" failures="0" timestamp="16 May 2020 11:27:44 GMT" time="0.002" errors="0">
  <testcase name="gmailLogin" time="0.002" classname="appium_pack.BasicTestNG_Example"/>
</testsuite> <!-- appium_pack.BasicTestNG_Example -->
