<?xml version="1.0" encoding="UTF-8"?>
<!-- Generated by org.testng.reporters.JUnitReportReporter -->
<testsuite skipped="0" hostname="mohammedathera" name="appium_pack.invocationCount" tests="8" failures="0" timestamp="16 May 2020 15:53:04 GMT" time="0.058" errors="0">
  <testcase name="testcaes2" time="0.003" classname="appium_pack.invocationCount"/>
  <testcase name="testcaes2" time="0.020" classname="appium_pack.invocationCount"/>
  <testcase name="testcaes2" time="0.002" classname="appium_pack.invocationCount"/>
  <testcase name="testcase3" time="0.006" classname="appium_pack.invocationCount"/>
  <testcase name="testcase3" time="0.022" classname="appium_pack.invocationCount"/>
  <testcase name="testcaes2" time="0.002" classname="appium_pack.invocationCount"/>
  <testcase name="testcaes2" time="0.002" classname="appium_pack.invocationCount"/>
  <testcase name="testcase3" time="0.001" classname="appium_pack.invocationCount"/>
</testsuite> <!-- appium_pack.invocationCount -->
