<?xml version="1.0" encoding="UTF-8"?>
<!-- Generated by org.testng.reporters.JUnitReportReporter -->
<testsuite skipped="0" hostname="mohammedathera" name="appium_pack.ExampleThree" tests="3" failures="0" timestamp="04 Jun 2020 04:42:21 GMT" time="8.796" errors="0">
  <testcase name="closeDriver" time="0.033" classname="appium_pack.ExampleThree"/>
  <testcase name="launchBrowser" time="5.556" classname="appium_pack.ExampleThree"/>
  <testcase name="openApplication" time="3.207" classname="appium_pack.ExampleThree"/>
</testsuite> <!-- appium_pack.ExampleThree -->
