<?xml version="1.0" encoding="UTF-8"?>
<!-- Generated by org.testng.reporters.JUnitReportReporter -->
<testsuite skipped="0" hostname="mohammedathera" name="appium_pack.Description" tests="7" failures="0" timestamp="18 May 2020 18:30:52 GMT" time="0.016" errors="0">
  <testcase name="testcase3" time="0.001" classname="appium_pack.Description"/>
  <testcase name="testcase2" time="0.008" classname="appium_pack.Description"/>
  <testcase name="testcase1" time="0.001" classname="appium_pack.Description"/>
  <testcase name="testcase1" time="0.002" classname="appium_pack.Description"/>
  <testcase name="testcase1" time="0.001" classname="appium_pack.Description"/>
  <testcase name="testcase1" time="0.001" classname="appium_pack.Description"/>
  <testcase name="testcase1" time="0.002" classname="appium_pack.Description"/>
</testsuite> <!-- appium_pack.Description -->
