<?xml version="1.0" encoding="UTF-8"?>
<!-- Generated by org.testng.reporters.JUnitReportReporter -->
<testsuite skipped="0" hostname="mohammedathera" name="appium_pack.DependsOn" tests="3" failures="0" timestamp="16 May 2020 15:49:30 GMT" time="0.030" errors="0">
  <testcase name="WebStudentLogin" time="0.009" classname="appium_pack.DependsOn"/>
  <testcase name="APIStudentLogin" time="0.001" classname="appium_pack.DependsOn"/>
  <testcase name="MobileStudentLogin" time="0.020" classname="appium_pack.DependsOn"/>
</testsuite> <!-- appium_pack.DependsOn -->
