<?xml version="1.0" encoding="UTF-8"?>
<!-- Generated by org.testng.reporters.JUnitReportReporter -->
<testsuite skipped="0" hostname="mohammedathera" name="appium_pack.Groups" tests="3" failures="0" timestamp="20 May 2020 21:47:34 GMT" time="0.016" errors="0">
  <testcase name="wipro" time="0.002" classname="appium_pack.Groups"/>
  <testcase name="infosys" time="0.012" classname="appium_pack.Groups"/>
  <testcase name="technip" time="0.002" classname="appium_pack.Groups"/>
</testsuite> <!-- appium_pack.Groups -->
