<?xml version="1.0" encoding="UTF-8"?>
<!-- Generated by org.testng.reporters.JUnitReportReporter -->
<testsuite skipped="0" hostname="mohammedathera" name="appium_pack.Priotity" tests="3" failures="0" timestamp="16 May 2020 23:48:03 GMT" time="0.011" errors="0">
  <testcase name="watermelon" time="0.009" classname="appium_pack.Priotity"/>
  <testcase name="apple" time="0.001" classname="appium_pack.Priotity"/>
  <testcase name="mango" time="0.001" classname="appium_pack.Priotity"/>
</testsuite> <!-- appium_pack.Priotity -->
