<?xml version="1.0" encoding="UTF-8"?>
<!-- Generated by org.testng.reporters.JUnitReportReporter -->
<testsuite skipped="0" hostname="mohammedathera" name="testCases.TC_Login_001" tests="1" failures="0" timestamp="16 Jun 2020 11:10:41 GMT" time="10.335" errors="0">
  <testcase name="loginTest" time="10.335" classname="testCases.TC_Login_001"/>
</testsuite> <!-- testCases.TC_Login_001 -->
