<?xml version="1.0" encoding="UTF-8"?>
<!-- Generated by org.testng.reporters.JUnitReportReporter -->
<testsuite skipped="0" hostname="mohammedathera" name="testCases.TC_RegisterDDT_002" tests="3" failures="0" timestamp="16 Jun 2020 11:10:41 GMT" time="5.426" errors="0">
  <testcase name="registrationTest" time="2.048" classname="testCases.TC_RegisterDDT_002"/>
  <testcase name="registrationTest" time="1.684" classname="testCases.TC_RegisterDDT_002"/>
  <testcase name="registrationTest" time="1.694" classname="testCases.TC_RegisterDDT_002"/>
</testsuite> <!-- testCases.TC_RegisterDDT_002 -->
