<?xml version="1.0" encoding="UTF-8"?>
<!-- Generated by org.testng.reporters.JUnitReportReporter -->
<testsuite skipped="0" hostname="mohammedathera" name="testCases.TC_FlightTicket_003" tests="1" failures="0" timestamp="16 Jun 2020 11:10:41 GMT" time="19.490" errors="0">
  <testcase name="reservation" time="19.490" classname="testCases.TC_FlightTicket_003"/>
</testsuite> <!-- testCases.TC_FlightTicket_003 -->
