<?xml version="1.0" encoding="UTF-8"?>
<!-- Generated by org.testng.reporters.JUnitReportReporter -->
<testsuite skipped="0" hostname="mohammedathera" name="com.qa.tests.LoginTests" tests="3" failures="0" timestamp="21 May 2020 00:27:05 GMT" time="10.834" errors="0">
  <testcase name="invalidUserName" time="3.022" classname="com.qa.tests.LoginTests"/>
  <testcase name="successfullLogin" time="2.967" classname="com.qa.tests.LoginTests"/>
  <testcase name="invalidPassword" time="4.845" classname="com.qa.tests.LoginTests"/>
</testsuite> <!-- com.qa.tests.LoginTests -->
