<?xml version="1.0" encoding="UTF-8"?>
<!-- Generated by org.testng.reporters.JUnitReportReporter -->
<testsuite skipped="0" hostname="mohammedathera" name="com.qa.tests.TC_RegisterDDT_002" tests="6" failures="0" timestamp="16 Jun 2020 11:32:15 GMT" time="14.572" errors="0">
  <testcase name="registrationTest" time="3.150" classname="com.qa.tests.TC_RegisterDDT_002"/>
  <testcase name="registrationTest" time="1.824" classname="com.qa.tests.TC_RegisterDDT_002"/>
  <testcase name="registrationTest" time="1.470" classname="com.qa.tests.TC_RegisterDDT_002"/>
  <testcase name="registrationTest" time="1.571" classname="com.qa.tests.TC_RegisterDDT_002"/>
  <testcase name="registrationTest" time="3.153" classname="com.qa.tests.TC_RegisterDDT_002"/>
  <testcase name="registrationTest" time="3.404" classname="com.qa.tests.TC_RegisterDDT_002"/>
</testsuite> <!-- com.qa.tests.TC_RegisterDDT_002 -->
