<?xml version="1.0" encoding="UTF-8"?>
<!-- Generated by org.testng.reporters.JUnitReportReporter -->
<testsuite skipped="0" hostname="mohammedathera" name="com.qa.tests.TC_FlightTicket_003" tests="2" failures="0" timestamp="16 Jun 2020 11:32:15 GMT" time="38.888" errors="0">
  <testcase name="reservation" time="19.018" classname="com.qa.tests.TC_FlightTicket_003"/>
  <testcase name="reservation" time="19.870" classname="com.qa.tests.TC_FlightTicket_003"/>
</testsuite> <!-- com.qa.tests.TC_FlightTicket_003 -->
