<?xml version="1.0" encoding="UTF-8"?>
<!-- Generated by org.testng.reporters.JUnitReportReporter -->
<testsuite skipped="0" hostname="mohammedathera" name="com.qa.tests.TC_Login_001" tests="2" failures="0" timestamp="16 Jun 2020 11:32:15 GMT" time="22.117" errors="0">
  <testcase name="loginTest" time="10.374" classname="com.qa.tests.TC_Login_001"/>
  <testcase name="loginTest" time="11.743" classname="com.qa.tests.TC_Login_001"/>
</testsuite> <!-- com.qa.tests.TC_Login_001 -->
