<?xml version="1.0" encoding="UTF-8"?>
<!-- Generated by org.testng.reporters.JUnitReportReporter -->
<testsuite hostname="LAPTOP-8DAJL6E8" failures="0" tests="3" name="testCases.TC_RegisterDDT_002" time="6.579" errors="0" timestamp="2020-05-04T22:11:30 CDT" skipped="0">
  <testcase classname="testCases.TC_RegisterDDT_002" name="registrationTest" time="2.057"/>
  <testcase classname="testCases.TC_RegisterDDT_002" name="registrationTest" time="2.064"/>
  <testcase classname="testCases.TC_RegisterDDT_002" name="registrationTest" time="2.458"/>
</testsuite> <!-- testCases.TC_RegisterDDT_002 -->
